numactl --interleave=0,1,2,3,4,5,6,7 ../../../ccbench/silo/test_0log/silo.exe -extime 8 -clocks_per_us 2095 -rratio 0 -thread_num 8
#FLAGS_clocks_per_us:	2095
#FLAGS_epoch_time:	40
#FLAGS_extime:		8
#FLAGS_max_ope:		10
#FLAGS_rmw:		0
#FLAGS_rratio:		0
#FLAGS_thread_num:	8
#FLAGS_tuple_num:	1000000
#FLAGS_ycsb:		1
#FLAGS_zipf_skew:	0
#ShowOptParameters(): ADD_ANALYSIS 0: BACK_OFF 0: KEY_SIZE 8: MASSTREE_USE 1: NO_WAIT_LOCKING_IN_VALIDATION 1: PARTITION_TABLE 0: PROCEDURE_SORT 0: SLEEP_READ_PHASE 0: VAL_SIZE 4: WAL 0
abort_counts_:	1117
commit_counts_:	21744644
maxrss:	481564 kB
abort_rate:	0.0001
latency[ns]:	2943.2541
throughput[tps]:	2718080
numactl --interleave=0,1,2,3,4,5,6,7 ../../../ccbench/silo/test_0log/silo.exe -extime 8 -clocks_per_us 2095 -rratio 0 -thread_num 8
#FLAGS_clocks_per_us:	2095
#FLAGS_epoch_time:	40
#FLAGS_extime:		8
#FLAGS_max_ope:		10
#FLAGS_rmw:		0
#FLAGS_rratio:		0
#FLAGS_thread_num:	8
#FLAGS_tuple_num:	1000000
#FLAGS_ycsb:		1
#FLAGS_zipf_skew:	0
#ShowOptParameters(): ADD_ANALYSIS 0: BACK_OFF 0: KEY_SIZE 8: MASSTREE_USE 1: NO_WAIT_LOCKING_IN_VALIDATION 1: PARTITION_TABLE 0: PROCEDURE_SORT 0: SLEEP_READ_PHASE 0: VAL_SIZE 4: WAL 0
abort_counts_:	1071
commit_counts_:	22133251
maxrss:	481536 kB
abort_rate:	0.0000
latency[ns]:	2891.5774
throughput[tps]:	2766656
numactl --interleave=0,1,2,3,4,5,6,7 ../../../ccbench/silo/test_0log/silo.exe -extime 8 -clocks_per_us 2095 -rratio 0 -thread_num 8
#FLAGS_clocks_per_us:	2095
#FLAGS_epoch_time:	40
#FLAGS_extime:		8
#FLAGS_max_ope:		10
#FLAGS_rmw:		0
#FLAGS_rratio:		0
#FLAGS_thread_num:	8
#FLAGS_tuple_num:	1000000
#FLAGS_ycsb:		1
#FLAGS_zipf_skew:	0
#ShowOptParameters(): ADD_ANALYSIS 0: BACK_OFF 0: KEY_SIZE 8: MASSTREE_USE 1: NO_WAIT_LOCKING_IN_VALIDATION 1: PARTITION_TABLE 0: PROCEDURE_SORT 0: SLEEP_READ_PHASE 0: VAL_SIZE 4: WAL 0
abort_counts_:	987
commit_counts_:	22221823
maxrss:	481492 kB
abort_rate:	0.0000
latency[ns]:	2880.0526
throughput[tps]:	2777727
numactl --interleave=0,1,2,3,4,5,6,7 ../../../ccbench/silo/test_0log/silo.exe -extime 8 -clocks_per_us 2095 -rratio 0 -thread_num 8
#FLAGS_clocks_per_us:	2095
#FLAGS_epoch_time:	40
#FLAGS_extime:		8
#FLAGS_max_ope:		10
#FLAGS_rmw:		0
#FLAGS_rratio:		0
#FLAGS_thread_num:	8
#FLAGS_tuple_num:	1000000
#FLAGS_ycsb:		1
#FLAGS_zipf_skew:	0
#ShowOptParameters(): ADD_ANALYSIS 0: BACK_OFF 0: KEY_SIZE 8: MASSTREE_USE 1: NO_WAIT_LOCKING_IN_VALIDATION 1: PARTITION_TABLE 0: PROCEDURE_SORT 0: SLEEP_READ_PHASE 0: VAL_SIZE 4: WAL 0
abort_counts_:	815
commit_counts_:	22544417
maxrss:	481504 kB
abort_rate:	0.0000
latency[ns]:	2838.8404
throughput[tps]:	2818052
numactl --interleave=0,1,2,3,4,5,6,7 ../../../ccbench/silo/test_0log/silo.exe -extime 8 -clocks_per_us 2095 -rratio 0 -thread_num 8
#FLAGS_clocks_per_us:	2095
#FLAGS_epoch_time:	40
#FLAGS_extime:		8
#FLAGS_max_ope:		10
#FLAGS_rmw:		0
#FLAGS_rratio:		0
#FLAGS_thread_num:	8
#FLAGS_tuple_num:	1000000
#FLAGS_ycsb:		1
#FLAGS_zipf_skew:	0
#ShowOptParameters(): ADD_ANALYSIS 0: BACK_OFF 0: KEY_SIZE 8: MASSTREE_USE 1: NO_WAIT_LOCKING_IN_VALIDATION 1: PARTITION_TABLE 0: PROCEDURE_SORT 0: SLEEP_READ_PHASE 0: VAL_SIZE 4: WAL 0
abort_counts_:	1080
commit_counts_:	22251748
maxrss:	481500 kB
abort_rate:	0.0000
latency[ns]:	2876.1791
throughput[tps]:	2781468
numactl --interleave=0,1,2,3,4,5,6,7 ../../../ccbench/silo/test_0log/silo.exe -extime 8 -clocks_per_us 2095 -rratio 0 -thread_num 16
#FLAGS_clocks_per_us:	2095
#FLAGS_epoch_time:	40
#FLAGS_extime:		8
#FLAGS_max_ope:		10
#FLAGS_rmw:		0
#FLAGS_rratio:		0
#FLAGS_thread_num:	16
#FLAGS_tuple_num:	1000000
#FLAGS_ycsb:		1
#FLAGS_zipf_skew:	0
#ShowOptParameters(): ADD_ANALYSIS 0: BACK_OFF 0: KEY_SIZE 8: MASSTREE_USE 1: NO_WAIT_LOCKING_IN_VALIDATION 1: PARTITION_TABLE 0: PROCEDURE_SORT 0: SLEEP_READ_PHASE 0: VAL_SIZE 4: WAL 0
abort_counts_:	4974
commit_counts_:	41915496
maxrss:	481784 kB
abort_rate:	0.0001
latency[ns]:	3053.7632
throughput[tps]:	5239437
numactl --interleave=0,1,2,3,4,5,6,7 ../../../ccbench/silo/test_0log/silo.exe -extime 8 -clocks_per_us 2095 -rratio 0 -thread_num 16
#FLAGS_clocks_per_us:	2095
#FLAGS_epoch_time:	40
#FLAGS_extime:		8
#FLAGS_max_ope:		10
#FLAGS_rmw:		0
#FLAGS_rratio:		0
#FLAGS_thread_num:	16
#FLAGS_tuple_num:	1000000
#FLAGS_ycsb:		1
#FLAGS_zipf_skew:	0
#ShowOptParameters(): ADD_ANALYSIS 0: BACK_OFF 0: KEY_SIZE 8: MASSTREE_USE 1: NO_WAIT_LOCKING_IN_VALIDATION 1: PARTITION_TABLE 0: PROCEDURE_SORT 0: SLEEP_READ_PHASE 0: VAL_SIZE 4: WAL 0
abort_counts_:	5362
commit_counts_:	42449600
maxrss:	481748 kB
abort_rate:	0.0001
latency[ns]:	3015.3405
throughput[tps]:	5306200
numactl --interleave=0,1,2,3,4,5,6,7 ../../../ccbench/silo/test_0log/silo.exe -extime 8 -clocks_per_us 2095 -rratio 0 -thread_num 16
#FLAGS_clocks_per_us:	2095
#FLAGS_epoch_time:	40
#FLAGS_extime:		8
#FLAGS_max_ope:		10
#FLAGS_rmw:		0
#FLAGS_rratio:		0
#FLAGS_thread_num:	16
#FLAGS_tuple_num:	1000000
#FLAGS_ycsb:		1
#FLAGS_zipf_skew:	0
#ShowOptParameters(): ADD_ANALYSIS 0: BACK_OFF 0: KEY_SIZE 8: MASSTREE_USE 1: NO_WAIT_LOCKING_IN_VALIDATION 1: PARTITION_TABLE 0: PROCEDURE_SORT 0: SLEEP_READ_PHASE 0: VAL_SIZE 4: WAL 0
abort_counts_:	4809
commit_counts_:	42254182
maxrss:	481736 kB
abort_rate:	0.0001
latency[ns]:	3029.2864
throughput[tps]:	5281772
numactl --interleave=0,1,2,3,4,5,6,7 ../../../ccbench/silo/test_0log/silo.exe -extime 8 -clocks_per_us 2095 -rratio 0 -thread_num 16
#FLAGS_clocks_per_us:	2095
#FLAGS_epoch_time:	40
#FLAGS_extime:		8
#FLAGS_max_ope:		10
#FLAGS_rmw:		0
#FLAGS_rratio:		0
#FLAGS_thread_num:	16
#FLAGS_tuple_num:	1000000
#FLAGS_ycsb:		1
#FLAGS_zipf_skew:	0
#ShowOptParameters(): ADD_ANALYSIS 0: BACK_OFF 0: KEY_SIZE 8: MASSTREE_USE 1: NO_WAIT_LOCKING_IN_VALIDATION 1: PARTITION_TABLE 0: PROCEDURE_SORT 0: SLEEP_READ_PHASE 0: VAL_SIZE 4: WAL 0
abort_counts_:	3999
commit_counts_:	42979419
maxrss:	481760 kB
abort_rate:	0.0001
latency[ns]:	2978.1698
throughput[tps]:	5372427
numactl --interleave=0,1,2,3,4,5,6,7 ../../../ccbench/silo/test_0log/silo.exe -extime 8 -clocks_per_us 2095 -rratio 0 -thread_num 16
#FLAGS_clocks_per_us:	2095
#FLAGS_epoch_time:	40
#FLAGS_extime:		8
#FLAGS_max_ope:		10
#FLAGS_rmw:		0
#FLAGS_rratio:		0
#FLAGS_thread_num:	16
#FLAGS_tuple_num:	1000000
#FLAGS_ycsb:		1
#FLAGS_zipf_skew:	0
#ShowOptParameters(): ADD_ANALYSIS 0: BACK_OFF 0: KEY_SIZE 8: MASSTREE_USE 1: NO_WAIT_LOCKING_IN_VALIDATION 1: PARTITION_TABLE 0: PROCEDURE_SORT 0: SLEEP_READ_PHASE 0: VAL_SIZE 4: WAL 0
abort_counts_:	4596
commit_counts_:	42588632
maxrss:	481776 kB
abort_rate:	0.0001
latency[ns]:	3005.4969
throughput[tps]:	5323579
numactl --interleave=0,1,2,3,4,5,6,7 ../../../ccbench/silo/test_0log/silo.exe -extime 8 -clocks_per_us 2095 -rratio 0 -thread_num 32
#FLAGS_clocks_per_us:	2095
#FLAGS_epoch_time:	40
#FLAGS_extime:		8
#FLAGS_max_ope:		10
#FLAGS_rmw:		0
#FLAGS_rratio:		0
#FLAGS_thread_num:	32
#FLAGS_tuple_num:	1000000
#FLAGS_ycsb:		1
#FLAGS_zipf_skew:	0
#ShowOptParameters(): ADD_ANALYSIS 0: BACK_OFF 0: KEY_SIZE 8: MASSTREE_USE 1: NO_WAIT_LOCKING_IN_VALIDATION 1: PARTITION_TABLE 0: PROCEDURE_SORT 0: SLEEP_READ_PHASE 0: VAL_SIZE 4: WAL 0
abort_counts_:	16060
commit_counts_:	85509692
maxrss:	482084 kB
abort_rate:	0.0002
latency[ns]:	2993.8128
throughput[tps]:	10688711
numactl --interleave=0,1,2,3,4,5,6,7 ../../../ccbench/silo/test_0log/silo.exe -extime 8 -clocks_per_us 2095 -rratio 0 -thread_num 32
#FLAGS_clocks_per_us:	2095
#FLAGS_epoch_time:	40
#FLAGS_extime:		8
#FLAGS_max_ope:		10
#FLAGS_rmw:		0
#FLAGS_rratio:		0
#FLAGS_thread_num:	32
#FLAGS_tuple_num:	1000000
#FLAGS_ycsb:		1
#FLAGS_zipf_skew:	0
#ShowOptParameters(): ADD_ANALYSIS 0: BACK_OFF 0: KEY_SIZE 8: MASSTREE_USE 1: NO_WAIT_LOCKING_IN_VALIDATION 1: PARTITION_TABLE 0: PROCEDURE_SORT 0: SLEEP_READ_PHASE 0: VAL_SIZE 4: WAL 0
abort_counts_:	16617
commit_counts_:	85514301
maxrss:	482176 kB
abort_rate:	0.0002
latency[ns]:	2993.6515
throughput[tps]:	10689287
numactl --interleave=0,1,2,3,4,5,6,7 ../../../ccbench/silo/test_0log/silo.exe -extime 8 -clocks_per_us 2095 -rratio 0 -thread_num 32
#FLAGS_clocks_per_us:	2095
#FLAGS_epoch_time:	40
#FLAGS_extime:		8
#FLAGS_max_ope:		10
#FLAGS_rmw:		0
#FLAGS_rratio:		0
#FLAGS_thread_num:	32
#FLAGS_tuple_num:	1000000
#FLAGS_ycsb:		1
#FLAGS_zipf_skew:	0
#ShowOptParameters(): ADD_ANALYSIS 0: BACK_OFF 0: KEY_SIZE 8: MASSTREE_USE 1: NO_WAIT_LOCKING_IN_VALIDATION 1: PARTITION_TABLE 0: PROCEDURE_SORT 0: SLEEP_READ_PHASE 0: VAL_SIZE 4: WAL 0
abort_counts_:	17426
commit_counts_:	85127478
maxrss:	482164 kB
abort_rate:	0.0002
latency[ns]:	3007.2548
throughput[tps]:	10640934
numactl --interleave=0,1,2,3,4,5,6,7 ../../../ccbench/silo/test_0log/silo.exe -extime 8 -clocks_per_us 2095 -rratio 0 -thread_num 32
#FLAGS_clocks_per_us:	2095
#FLAGS_epoch_time:	40
#FLAGS_extime:		8
#FLAGS_max_ope:		10
#FLAGS_rmw:		0
#FLAGS_rratio:		0
#FLAGS_thread_num:	32
#FLAGS_tuple_num:	1000000
#FLAGS_ycsb:		1
#FLAGS_zipf_skew:	0
#ShowOptParameters(): ADD_ANALYSIS 0: BACK_OFF 0: KEY_SIZE 8: MASSTREE_USE 1: NO_WAIT_LOCKING_IN_VALIDATION 1: PARTITION_TABLE 0: PROCEDURE_SORT 0: SLEEP_READ_PHASE 0: VAL_SIZE 4: WAL 0
abort_counts_:	15686
commit_counts_:	85338437
maxrss:	482104 kB
abort_rate:	0.0002
latency[ns]:	2999.8208
throughput[tps]:	10667304
numactl --interleave=0,1,2,3,4,5,6,7 ../../../ccbench/silo/test_0log/silo.exe -extime 8 -clocks_per_us 2095 -rratio 0 -thread_num 32
#FLAGS_clocks_per_us:	2095
#FLAGS_epoch_time:	40
#FLAGS_extime:		8
#FLAGS_max_ope:		10
#FLAGS_rmw:		0
#FLAGS_rratio:		0
#FLAGS_thread_num:	32
#FLAGS_tuple_num:	1000000
#FLAGS_ycsb:		1
#FLAGS_zipf_skew:	0
#ShowOptParameters(): ADD_ANALYSIS 0: BACK_OFF 0: KEY_SIZE 8: MASSTREE_USE 1: NO_WAIT_LOCKING_IN_VALIDATION 1: PARTITION_TABLE 0: PROCEDURE_SORT 0: SLEEP_READ_PHASE 0: VAL_SIZE 4: WAL 0
abort_counts_:	13281
commit_counts_:	85577887
maxrss:	482232 kB
abort_rate:	0.0002
latency[ns]:	2991.4272
throughput[tps]:	10697235
numactl --interleave=0,1,2,3,4,5,6,7 ../../../ccbench/silo/test_0log/silo.exe -extime 8 -clocks_per_us 2095 -rratio 0 -thread_num 64
#FLAGS_clocks_per_us:	2095
#FLAGS_epoch_time:	40
#FLAGS_extime:		8
#FLAGS_max_ope:		10
#FLAGS_rmw:		0
#FLAGS_rratio:		0
#FLAGS_thread_num:	64
#FLAGS_tuple_num:	1000000
#FLAGS_ycsb:		1
#FLAGS_zipf_skew:	0
#ShowOptParameters(): ADD_ANALYSIS 0: BACK_OFF 0: KEY_SIZE 8: MASSTREE_USE 1: NO_WAIT_LOCKING_IN_VALIDATION 1: PARTITION_TABLE 0: PROCEDURE_SORT 0: SLEEP_READ_PHASE 0: VAL_SIZE 4: WAL 0
abort_counts_:	47079
commit_counts_:	160060169
maxrss:	483156 kB
abort_rate:	0.0003
latency[ns]:	3198.7971
throughput[tps]:	20007521
numactl --interleave=0,1,2,3,4,5,6,7 ../../../ccbench/silo/test_0log/silo.exe -extime 8 -clocks_per_us 2095 -rratio 0 -thread_num 64
#FLAGS_clocks_per_us:	2095
#FLAGS_epoch_time:	40
#FLAGS_extime:		8
#FLAGS_max_ope:		10
#FLAGS_rmw:		0
#FLAGS_rratio:		0
#FLAGS_thread_num:	64
#FLAGS_tuple_num:	1000000
#FLAGS_ycsb:		1
#FLAGS_zipf_skew:	0
#ShowOptParameters(): ADD_ANALYSIS 0: BACK_OFF 0: KEY_SIZE 8: MASSTREE_USE 1: NO_WAIT_LOCKING_IN_VALIDATION 1: PARTITION_TABLE 0: PROCEDURE_SORT 0: SLEEP_READ_PHASE 0: VAL_SIZE 4: WAL 0
abort_counts_:	52182
commit_counts_:	161914048
maxrss:	483204 kB
abort_rate:	0.0003
latency[ns]:	3162.1716
throughput[tps]:	20239256
numactl --interleave=0,1,2,3,4,5,6,7 ../../../ccbench/silo/test_0log/silo.exe -extime 8 -clocks_per_us 2095 -rratio 0 -thread_num 64
#FLAGS_clocks_per_us:	2095
#FLAGS_epoch_time:	40
#FLAGS_extime:		8
#FLAGS_max_ope:		10
#FLAGS_rmw:		0
#FLAGS_rratio:		0
#FLAGS_thread_num:	64
#FLAGS_tuple_num:	1000000
#FLAGS_ycsb:		1
#FLAGS_zipf_skew:	0
#ShowOptParameters(): ADD_ANALYSIS 0: BACK_OFF 0: KEY_SIZE 8: MASSTREE_USE 1: NO_WAIT_LOCKING_IN_VALIDATION 1: PARTITION_TABLE 0: PROCEDURE_SORT 0: SLEEP_READ_PHASE 0: VAL_SIZE 4: WAL 0
abort_counts_:	45235
commit_counts_:	162126306
maxrss:	483088 kB
abort_rate:	0.0003
latency[ns]:	3158.0317
throughput[tps]:	20265788
numactl --interleave=0,1,2,3,4,5,6,7 ../../../ccbench/silo/test_0log/silo.exe -extime 8 -clocks_per_us 2095 -rratio 0 -thread_num 64
#FLAGS_clocks_per_us:	2095
#FLAGS_epoch_time:	40
#FLAGS_extime:		8
#FLAGS_max_ope:		10
#FLAGS_rmw:		0
#FLAGS_rratio:		0
#FLAGS_thread_num:	64
#FLAGS_tuple_num:	1000000
#FLAGS_ycsb:		1
#FLAGS_zipf_skew:	0
#ShowOptParameters(): ADD_ANALYSIS 0: BACK_OFF 0: KEY_SIZE 8: MASSTREE_USE 1: NO_WAIT_LOCKING_IN_VALIDATION 1: PARTITION_TABLE 0: PROCEDURE_SORT 0: SLEEP_READ_PHASE 0: VAL_SIZE 4: WAL 0
abort_counts_:	45255
commit_counts_:	162795818
maxrss:	483076 kB
abort_rate:	0.0003
latency[ns]:	3145.0440
throughput[tps]:	20349477
numactl --interleave=0,1,2,3,4,5,6,7 ../../../ccbench/silo/test_0log/silo.exe -extime 8 -clocks_per_us 2095 -rratio 0 -thread_num 64
#FLAGS_clocks_per_us:	2095
#FLAGS_epoch_time:	40
#FLAGS_extime:		8
#FLAGS_max_ope:		10
#FLAGS_rmw:		0
#FLAGS_rratio:		0
#FLAGS_thread_num:	64
#FLAGS_tuple_num:	1000000
#FLAGS_ycsb:		1
#FLAGS_zipf_skew:	0
#ShowOptParameters(): ADD_ANALYSIS 0: BACK_OFF 0: KEY_SIZE 8: MASSTREE_USE 1: NO_WAIT_LOCKING_IN_VALIDATION 1: PARTITION_TABLE 0: PROCEDURE_SORT 0: SLEEP_READ_PHASE 0: VAL_SIZE 4: WAL 0
abort_counts_:	48904
commit_counts_:	161712049
maxrss:	483164 kB
abort_rate:	0.0003
latency[ns]:	3166.1215
throughput[tps]:	20214006
numactl --interleave=0,1,2,3,4,5,6,7 ../../../ccbench/silo/test_0log/silo.exe -extime 8 -clocks_per_us 2095 -rratio 0 -thread_num 96
#FLAGS_clocks_per_us:	2095
#FLAGS_epoch_time:	40
#FLAGS_extime:		8
#FLAGS_max_ope:		10
#FLAGS_rmw:		0
#FLAGS_rratio:		0
#FLAGS_thread_num:	96
#FLAGS_tuple_num:	1000000
#FLAGS_ycsb:		1
#FLAGS_zipf_skew:	0
#ShowOptParameters(): ADD_ANALYSIS 0: BACK_OFF 0: KEY_SIZE 8: MASSTREE_USE 1: NO_WAIT_LOCKING_IN_VALIDATION 1: PARTITION_TABLE 0: PROCEDURE_SORT 0: SLEEP_READ_PHASE 0: VAL_SIZE 4: WAL 0
abort_counts_:	131225
commit_counts_:	213081998
maxrss:	484244 kB
abort_rate:	0.0006
latency[ns]:	3604.2464
throughput[tps]:	26635249
numactl --interleave=0,1,2,3,4,5,6,7 ../../../ccbench/silo/test_0log/silo.exe -extime 8 -clocks_per_us 2095 -rratio 0 -thread_num 96
#FLAGS_clocks_per_us:	2095
#FLAGS_epoch_time:	40
#FLAGS_extime:		8
#FLAGS_max_ope:		10
#FLAGS_rmw:		0
#FLAGS_rratio:		0
#FLAGS_thread_num:	96
#FLAGS_tuple_num:	1000000
#FLAGS_ycsb:		1
#FLAGS_zipf_skew:	0
#ShowOptParameters(): ADD_ANALYSIS 0: BACK_OFF 0: KEY_SIZE 8: MASSTREE_USE 1: NO_WAIT_LOCKING_IN_VALIDATION 1: PARTITION_TABLE 0: PROCEDURE_SORT 0: SLEEP_READ_PHASE 0: VAL_SIZE 4: WAL 0
abort_counts_:	132728
commit_counts_:	211633855
maxrss:	484240 kB
abort_rate:	0.0006
latency[ns]:	3628.9091
throughput[tps]:	26454231
numactl --interleave=0,1,2,3,4,5,6,7 ../../../ccbench/silo/test_0log/silo.exe -extime 8 -clocks_per_us 2095 -rratio 0 -thread_num 96
#FLAGS_clocks_per_us:	2095
#FLAGS_epoch_time:	40
#FLAGS_extime:		8
#FLAGS_max_ope:		10
#FLAGS_rmw:		0
#FLAGS_rratio:		0
#FLAGS_thread_num:	96
#FLAGS_tuple_num:	1000000
#FLAGS_ycsb:		1
#FLAGS_zipf_skew:	0
#ShowOptParameters(): ADD_ANALYSIS 0: BACK_OFF 0: KEY_SIZE 8: MASSTREE_USE 1: NO_WAIT_LOCKING_IN_VALIDATION 1: PARTITION_TABLE 0: PROCEDURE_SORT 0: SLEEP_READ_PHASE 0: VAL_SIZE 4: WAL 0
abort_counts_:	127879
commit_counts_:	212748941
maxrss:	484140 kB
abort_rate:	0.0006
latency[ns]:	3609.8888
throughput[tps]:	26593617
numactl --interleave=0,1,2,3,4,5,6,7 ../../../ccbench/silo/test_0log/silo.exe -extime 8 -clocks_per_us 2095 -rratio 0 -thread_num 96
#FLAGS_clocks_per_us:	2095
#FLAGS_epoch_time:	40
#FLAGS_extime:		8
#FLAGS_max_ope:		10
#FLAGS_rmw:		0
#FLAGS_rratio:		0
#FLAGS_thread_num:	96
#FLAGS_tuple_num:	1000000
#FLAGS_ycsb:		1
#FLAGS_zipf_skew:	0
#ShowOptParameters(): ADD_ANALYSIS 0: BACK_OFF 0: KEY_SIZE 8: MASSTREE_USE 1: NO_WAIT_LOCKING_IN_VALIDATION 1: PARTITION_TABLE 0: PROCEDURE_SORT 0: SLEEP_READ_PHASE 0: VAL_SIZE 4: WAL 0
abort_counts_:	104972
commit_counts_:	213366511
maxrss:	484112 kB
abort_rate:	0.0005
latency[ns]:	3599.4403
throughput[tps]:	26670813
numactl --interleave=0,1,2,3,4,5,6,7 ../../../ccbench/silo/test_0log/silo.exe -extime 8 -clocks_per_us 2095 -rratio 0 -thread_num 96
#FLAGS_clocks_per_us:	2095
#FLAGS_epoch_time:	40
#FLAGS_extime:		8
#FLAGS_max_ope:		10
#FLAGS_rmw:		0
#FLAGS_rratio:		0
#FLAGS_thread_num:	96
#FLAGS_tuple_num:	1000000
#FLAGS_ycsb:		1
#FLAGS_zipf_skew:	0
#ShowOptParameters(): ADD_ANALYSIS 0: BACK_OFF 0: KEY_SIZE 8: MASSTREE_USE 1: NO_WAIT_LOCKING_IN_VALIDATION 1: PARTITION_TABLE 0: PROCEDURE_SORT 0: SLEEP_READ_PHASE 0: VAL_SIZE 4: WAL 0
abort_counts_:	130312
commit_counts_:	214224291
maxrss:	484200 kB
abort_rate:	0.0006
latency[ns]:	3585.0277
throughput[tps]:	26778036
numactl --interleave=0,1,2,3,4,5,6,7 ../../../ccbench/silo/test_0log/silo.exe -extime 8 -clocks_per_us 2095 -rratio 0 -thread_num 128
#FLAGS_clocks_per_us:	2095
#FLAGS_epoch_time:	40
#FLAGS_extime:		8
#FLAGS_max_ope:		10
#FLAGS_rmw:		0
#FLAGS_rratio:		0
#FLAGS_thread_num:	128
#FLAGS_tuple_num:	1000000
#FLAGS_ycsb:		1
#FLAGS_zipf_skew:	0
#ShowOptParameters(): ADD_ANALYSIS 0: BACK_OFF 0: KEY_SIZE 8: MASSTREE_USE 1: NO_WAIT_LOCKING_IN_VALIDATION 1: PARTITION_TABLE 0: PROCEDURE_SORT 0: SLEEP_READ_PHASE 0: VAL_SIZE 4: WAL 0
abort_counts_:	147693
commit_counts_:	255109774
maxrss:	485176 kB
abort_rate:	0.0006
latency[ns]:	4013.9584
throughput[tps]:	31888721
numactl --interleave=0,1,2,3,4,5,6,7 ../../../ccbench/silo/test_0log/silo.exe -extime 8 -clocks_per_us 2095 -rratio 0 -thread_num 128
#FLAGS_clocks_per_us:	2095
#FLAGS_epoch_time:	40
#FLAGS_extime:		8
#FLAGS_max_ope:		10
#FLAGS_rmw:		0
#FLAGS_rratio:		0
#FLAGS_thread_num:	128
#FLAGS_tuple_num:	1000000
#FLAGS_ycsb:		1
#FLAGS_zipf_skew:	0
#ShowOptParameters(): ADD_ANALYSIS 0: BACK_OFF 0: KEY_SIZE 8: MASSTREE_USE 1: NO_WAIT_LOCKING_IN_VALIDATION 1: PARTITION_TABLE 0: PROCEDURE_SORT 0: SLEEP_READ_PHASE 0: VAL_SIZE 4: WAL 0
abort_counts_:	137663
commit_counts_:	254814168
maxrss:	485136 kB
abort_rate:	0.0005
latency[ns]:	4018.6149
throughput[tps]:	31851771
numactl --interleave=0,1,2,3,4,5,6,7 ../../../ccbench/silo/test_0log/silo.exe -extime 8 -clocks_per_us 2095 -rratio 0 -thread_num 128
#FLAGS_clocks_per_us:	2095
#FLAGS_epoch_time:	40
#FLAGS_extime:		8
#FLAGS_max_ope:		10
#FLAGS_rmw:		0
#FLAGS_rratio:		0
#FLAGS_thread_num:	128
#FLAGS_tuple_num:	1000000
#FLAGS_ycsb:		1
#FLAGS_zipf_skew:	0
#ShowOptParameters(): ADD_ANALYSIS 0: BACK_OFF 0: KEY_SIZE 8: MASSTREE_USE 1: NO_WAIT_LOCKING_IN_VALIDATION 1: PARTITION_TABLE 0: PROCEDURE_SORT 0: SLEEP_READ_PHASE 0: VAL_SIZE 4: WAL 0
abort_counts_:	135826
commit_counts_:	256262668
maxrss:	485252 kB
abort_rate:	0.0005
latency[ns]:	3995.9001
throughput[tps]:	32032833
numactl --interleave=0,1,2,3,4,5,6,7 ../../../ccbench/silo/test_0log/silo.exe -extime 8 -clocks_per_us 2095 -rratio 0 -thread_num 128
#FLAGS_clocks_per_us:	2095
#FLAGS_epoch_time:	40
#FLAGS_extime:		8
#FLAGS_max_ope:		10
#FLAGS_rmw:		0
#FLAGS_rratio:		0
#FLAGS_thread_num:	128
#FLAGS_tuple_num:	1000000
#FLAGS_ycsb:		1
#FLAGS_zipf_skew:	0
#ShowOptParameters(): ADD_ANALYSIS 0: BACK_OFF 0: KEY_SIZE 8: MASSTREE_USE 1: NO_WAIT_LOCKING_IN_VALIDATION 1: PARTITION_TABLE 0: PROCEDURE_SORT 0: SLEEP_READ_PHASE 0: VAL_SIZE 4: WAL 0
abort_counts_:	138777
commit_counts_:	256315380
maxrss:	485196 kB
abort_rate:	0.0005
latency[ns]:	3995.0783
throughput[tps]:	32039422
numactl --interleave=0,1,2,3,4,5,6,7 ../../../ccbench/silo/test_0log/silo.exe -extime 8 -clocks_per_us 2095 -rratio 0 -thread_num 128
#FLAGS_clocks_per_us:	2095
#FLAGS_epoch_time:	40
#FLAGS_extime:		8
#FLAGS_max_ope:		10
#FLAGS_rmw:		0
#FLAGS_rratio:		0
#FLAGS_thread_num:	128
#FLAGS_tuple_num:	1000000
#FLAGS_ycsb:		1
#FLAGS_zipf_skew:	0
#ShowOptParameters(): ADD_ANALYSIS 0: BACK_OFF 0: KEY_SIZE 8: MASSTREE_USE 1: NO_WAIT_LOCKING_IN_VALIDATION 1: PARTITION_TABLE 0: PROCEDURE_SORT 0: SLEEP_READ_PHASE 0: VAL_SIZE 4: WAL 0
abort_counts_:	137198
commit_counts_:	255437269
maxrss:	485200 kB
abort_rate:	0.0005
latency[ns]:	4008.8121
throughput[tps]:	31929658
numactl --interleave=0,1,2,3,4,5,6,7 ../../../ccbench/silo/test_0log/silo.exe -extime 8 -clocks_per_us 2095 -rratio 0 -thread_num 160
#FLAGS_clocks_per_us:	2095
#FLAGS_epoch_time:	40
#FLAGS_extime:		8
#FLAGS_max_ope:		10
#FLAGS_rmw:		0
#FLAGS_rratio:		0
#FLAGS_thread_num:	160
#FLAGS_tuple_num:	1000000
#FLAGS_ycsb:		1
#FLAGS_zipf_skew:	0
#ShowOptParameters(): ADD_ANALYSIS 0: BACK_OFF 0: KEY_SIZE 8: MASSTREE_USE 1: NO_WAIT_LOCKING_IN_VALIDATION 1: PARTITION_TABLE 0: PROCEDURE_SORT 0: SLEEP_READ_PHASE 0: VAL_SIZE 4: WAL 0
abort_counts_:	226148
commit_counts_:	284572403
maxrss:	486268 kB
abort_rate:	0.0008
latency[ns]:	4497.9766
throughput[tps]:	35571550
numactl --interleave=0,1,2,3,4,5,6,7 ../../../ccbench/silo/test_0log/silo.exe -extime 8 -clocks_per_us 2095 -rratio 0 -thread_num 160
#FLAGS_clocks_per_us:	2095
#FLAGS_epoch_time:	40
#FLAGS_extime:		8
#FLAGS_max_ope:		10
#FLAGS_rmw:		0
#FLAGS_rratio:		0
#FLAGS_thread_num:	160
#FLAGS_tuple_num:	1000000
#FLAGS_ycsb:		1
#FLAGS_zipf_skew:	0
#ShowOptParameters(): ADD_ANALYSIS 0: BACK_OFF 0: KEY_SIZE 8: MASSTREE_USE 1: NO_WAIT_LOCKING_IN_VALIDATION 1: PARTITION_TABLE 0: PROCEDURE_SORT 0: SLEEP_READ_PHASE 0: VAL_SIZE 4: WAL 0
abort_counts_:	200308
commit_counts_:	287229227
maxrss:	486168 kB
abort_rate:	0.0007
latency[ns]:	4456.3711
throughput[tps]:	35903653
numactl --interleave=0,1,2,3,4,5,6,7 ../../../ccbench/silo/test_0log/silo.exe -extime 8 -clocks_per_us 2095 -rratio 0 -thread_num 160
#FLAGS_clocks_per_us:	2095
#FLAGS_epoch_time:	40
#FLAGS_extime:		8
#FLAGS_max_ope:		10
#FLAGS_rmw:		0
#FLAGS_rratio:		0
#FLAGS_thread_num:	160
#FLAGS_tuple_num:	1000000
#FLAGS_ycsb:		1
#FLAGS_zipf_skew:	0
#ShowOptParameters(): ADD_ANALYSIS 0: BACK_OFF 0: KEY_SIZE 8: MASSTREE_USE 1: NO_WAIT_LOCKING_IN_VALIDATION 1: PARTITION_TABLE 0: PROCEDURE_SORT 0: SLEEP_READ_PHASE 0: VAL_SIZE 4: WAL 0
abort_counts_:	204169
commit_counts_:	286752035
maxrss:	486236 kB
abort_rate:	0.0007
latency[ns]:	4463.7870
throughput[tps]:	35844004
numactl --interleave=0,1,2,3,4,5,6,7 ../../../ccbench/silo/test_0log/silo.exe -extime 8 -clocks_per_us 2095 -rratio 0 -thread_num 160
#FLAGS_clocks_per_us:	2095
#FLAGS_epoch_time:	40
#FLAGS_extime:		8
#FLAGS_max_ope:		10
#FLAGS_rmw:		0
#FLAGS_rratio:		0
#FLAGS_thread_num:	160
#FLAGS_tuple_num:	1000000
#FLAGS_ycsb:		1
#FLAGS_zipf_skew:	0
#ShowOptParameters(): ADD_ANALYSIS 0: BACK_OFF 0: KEY_SIZE 8: MASSTREE_USE 1: NO_WAIT_LOCKING_IN_VALIDATION 1: PARTITION_TABLE 0: PROCEDURE_SORT 0: SLEEP_READ_PHASE 0: VAL_SIZE 4: WAL 0
abort_counts_:	213091
commit_counts_:	285667566
maxrss:	486304 kB
abort_rate:	0.0007
latency[ns]:	4480.7328
throughput[tps]:	35708445
numactl --interleave=0,1,2,3,4,5,6,7 ../../../ccbench/silo/test_0log/silo.exe -extime 8 -clocks_per_us 2095 -rratio 0 -thread_num 160
#FLAGS_clocks_per_us:	2095
#FLAGS_epoch_time:	40
#FLAGS_extime:		8
#FLAGS_max_ope:		10
#FLAGS_rmw:		0
#FLAGS_rratio:		0
#FLAGS_thread_num:	160
#FLAGS_tuple_num:	1000000
#FLAGS_ycsb:		1
#FLAGS_zipf_skew:	0
#ShowOptParameters(): ADD_ANALYSIS 0: BACK_OFF 0: KEY_SIZE 8: MASSTREE_USE 1: NO_WAIT_LOCKING_IN_VALIDATION 1: PARTITION_TABLE 0: PROCEDURE_SORT 0: SLEEP_READ_PHASE 0: VAL_SIZE 4: WAL 0
abort_counts_:	213708
commit_counts_:	286908988
maxrss:	486232 kB
abort_rate:	0.0007
latency[ns]:	4461.3451
throughput[tps]:	35863623
numactl --interleave=0,1,2,3,4,5,6,7 ../../../ccbench/silo/test_0log/silo.exe -extime 8 -clocks_per_us 2095 -rratio 0 -thread_num 192
#FLAGS_clocks_per_us:	2095
#FLAGS_epoch_time:	40
#FLAGS_extime:		8
#FLAGS_max_ope:		10
#FLAGS_rmw:		0
#FLAGS_rratio:		0
#FLAGS_thread_num:	192
#FLAGS_tuple_num:	1000000
#FLAGS_ycsb:		1
#FLAGS_zipf_skew:	0
#ShowOptParameters(): ADD_ANALYSIS 0: BACK_OFF 0: KEY_SIZE 8: MASSTREE_USE 1: NO_WAIT_LOCKING_IN_VALIDATION 1: PARTITION_TABLE 0: PROCEDURE_SORT 0: SLEEP_READ_PHASE 0: VAL_SIZE 4: WAL 0
abort_counts_:	280608
commit_counts_:	311933722
maxrss:	487268 kB
abort_rate:	0.0009
latency[ns]:	4924.1230
throughput[tps]:	38991715
numactl --interleave=0,1,2,3,4,5,6,7 ../../../ccbench/silo/test_0log/silo.exe -extime 8 -clocks_per_us 2095 -rratio 0 -thread_num 192
#FLAGS_clocks_per_us:	2095
#FLAGS_epoch_time:	40
#FLAGS_extime:		8
#FLAGS_max_ope:		10
#FLAGS_rmw:		0
#FLAGS_rratio:		0
#FLAGS_thread_num:	192
#FLAGS_tuple_num:	1000000
#FLAGS_ycsb:		1
#FLAGS_zipf_skew:	0
#ShowOptParameters(): ADD_ANALYSIS 0: BACK_OFF 0: KEY_SIZE 8: MASSTREE_USE 1: NO_WAIT_LOCKING_IN_VALIDATION 1: PARTITION_TABLE 0: PROCEDURE_SORT 0: SLEEP_READ_PHASE 0: VAL_SIZE 4: WAL 0
abort_counts_:	281510
commit_counts_:	314260127
maxrss:	487260 kB
abort_rate:	0.0009
latency[ns]:	4887.6708
throughput[tps]:	39282515
numactl --interleave=0,1,2,3,4,5,6,7 ../../../ccbench/silo/test_0log/silo.exe -extime 8 -clocks_per_us 2095 -rratio 0 -thread_num 192
#FLAGS_clocks_per_us:	2095
#FLAGS_epoch_time:	40
#FLAGS_extime:		8
#FLAGS_max_ope:		10
#FLAGS_rmw:		0
#FLAGS_rratio:		0
#FLAGS_thread_num:	192
#FLAGS_tuple_num:	1000000
#FLAGS_ycsb:		1
#FLAGS_zipf_skew:	0
#ShowOptParameters(): ADD_ANALYSIS 0: BACK_OFF 0: KEY_SIZE 8: MASSTREE_USE 1: NO_WAIT_LOCKING_IN_VALIDATION 1: PARTITION_TABLE 0: PROCEDURE_SORT 0: SLEEP_READ_PHASE 0: VAL_SIZE 4: WAL 0
abort_counts_:	272740
commit_counts_:	314378634
maxrss:	487268 kB
abort_rate:	0.0009
latency[ns]:	4885.8282
throughput[tps]:	39297329
numactl --interleave=0,1,2,3,4,5,6,7 ../../../ccbench/silo/test_0log/silo.exe -extime 8 -clocks_per_us 2095 -rratio 0 -thread_num 192
#FLAGS_clocks_per_us:	2095
#FLAGS_epoch_time:	40
#FLAGS_extime:		8
#FLAGS_max_ope:		10
#FLAGS_rmw:		0
#FLAGS_rratio:		0
#FLAGS_thread_num:	192
#FLAGS_tuple_num:	1000000
#FLAGS_ycsb:		1
#FLAGS_zipf_skew:	0
#ShowOptParameters(): ADD_ANALYSIS 0: BACK_OFF 0: KEY_SIZE 8: MASSTREE_USE 1: NO_WAIT_LOCKING_IN_VALIDATION 1: PARTITION_TABLE 0: PROCEDURE_SORT 0: SLEEP_READ_PHASE 0: VAL_SIZE 4: WAL 0
abort_counts_:	248299
commit_counts_:	314366970
maxrss:	487252 kB
abort_rate:	0.0008
latency[ns]:	4886.0095
throughput[tps]:	39295871
numactl --interleave=0,1,2,3,4,5,6,7 ../../../ccbench/silo/test_0log/silo.exe -extime 8 -clocks_per_us 2095 -rratio 0 -thread_num 192
#FLAGS_clocks_per_us:	2095
#FLAGS_epoch_time:	40
#FLAGS_extime:		8
#FLAGS_max_ope:		10
#FLAGS_rmw:		0
#FLAGS_rratio:		0
#FLAGS_thread_num:	192
#FLAGS_tuple_num:	1000000
#FLAGS_ycsb:		1
#FLAGS_zipf_skew:	0
#ShowOptParameters(): ADD_ANALYSIS 0: BACK_OFF 0: KEY_SIZE 8: MASSTREE_USE 1: NO_WAIT_LOCKING_IN_VALIDATION 1: PARTITION_TABLE 0: PROCEDURE_SORT 0: SLEEP_READ_PHASE 0: VAL_SIZE 4: WAL 0
abort_counts_:	283381
commit_counts_:	314830536
maxrss:	487316 kB
abort_rate:	0.0009
latency[ns]:	4878.8152
throughput[tps]:	39353817
numactl --interleave=0,1,2,3,4,5,6,7 ../../../ccbench/silo/test_0log/silo.exe -extime 8 -clocks_per_us 2095 -rratio 0 -thread_num 224
#FLAGS_clocks_per_us:	2095
#FLAGS_epoch_time:	40
#FLAGS_extime:		8
#FLAGS_max_ope:		10
#FLAGS_rmw:		0
#FLAGS_rratio:		0
#FLAGS_thread_num:	224
#FLAGS_tuple_num:	1000000
#FLAGS_ycsb:		1
#FLAGS_zipf_skew:	0
#ShowOptParameters(): ADD_ANALYSIS 0: BACK_OFF 0: KEY_SIZE 8: MASSTREE_USE 1: NO_WAIT_LOCKING_IN_VALIDATION 1: PARTITION_TABLE 0: PROCEDURE_SORT 0: SLEEP_READ_PHASE 0: VAL_SIZE 4: WAL 0
abort_counts_:	307080
commit_counts_:	344265800
maxrss:	488308 kB
abort_rate:	0.0009
latency[ns]:	5205.2803
throughput[tps]:	43033225
numactl --interleave=0,1,2,3,4,5,6,7 ../../../ccbench/silo/test_0log/silo.exe -extime 8 -clocks_per_us 2095 -rratio 0 -thread_num 224
#FLAGS_clocks_per_us:	2095
#FLAGS_epoch_time:	40
#FLAGS_extime:		8
#FLAGS_max_ope:		10
#FLAGS_rmw:		0
#FLAGS_rratio:		0
#FLAGS_thread_num:	224
#FLAGS_tuple_num:	1000000
#FLAGS_ycsb:		1
#FLAGS_zipf_skew:	0
#ShowOptParameters(): ADD_ANALYSIS 0: BACK_OFF 0: KEY_SIZE 8: MASSTREE_USE 1: NO_WAIT_LOCKING_IN_VALIDATION 1: PARTITION_TABLE 0: PROCEDURE_SORT 0: SLEEP_READ_PHASE 0: VAL_SIZE 4: WAL 0
abort_counts_:	343765
commit_counts_:	343284700
maxrss:	488344 kB
abort_rate:	0.0010
latency[ns]:	5220.1570
throughput[tps]:	42910587
numactl --interleave=0,1,2,3,4,5,6,7 ../../../ccbench/silo/test_0log/silo.exe -extime 8 -clocks_per_us 2095 -rratio 0 -thread_num 224
#FLAGS_clocks_per_us:	2095
#FLAGS_epoch_time:	40
#FLAGS_extime:		8
#FLAGS_max_ope:		10
#FLAGS_rmw:		0
#FLAGS_rratio:		0
#FLAGS_thread_num:	224
#FLAGS_tuple_num:	1000000
#FLAGS_ycsb:		1
#FLAGS_zipf_skew:	0
#ShowOptParameters(): ADD_ANALYSIS 0: BACK_OFF 0: KEY_SIZE 8: MASSTREE_USE 1: NO_WAIT_LOCKING_IN_VALIDATION 1: PARTITION_TABLE 0: PROCEDURE_SORT 0: SLEEP_READ_PHASE 0: VAL_SIZE 4: WAL 0
abort_counts_:	680841
commit_counts_:	344208032
maxrss:	488320 kB
abort_rate:	0.0020
latency[ns]:	5206.1539
throughput[tps]:	43026004
numactl --interleave=0,1,2,3,4,5,6,7 ../../../ccbench/silo/test_0log/silo.exe -extime 8 -clocks_per_us 2095 -rratio 0 -thread_num 224
#FLAGS_clocks_per_us:	2095
#FLAGS_epoch_time:	40
#FLAGS_extime:		8
#FLAGS_max_ope:		10
#FLAGS_rmw:		0
#FLAGS_rratio:		0
#FLAGS_thread_num:	224
#FLAGS_tuple_num:	1000000
#FLAGS_ycsb:		1
#FLAGS_zipf_skew:	0
#ShowOptParameters(): ADD_ANALYSIS 0: BACK_OFF 0: KEY_SIZE 8: MASSTREE_USE 1: NO_WAIT_LOCKING_IN_VALIDATION 1: PARTITION_TABLE 0: PROCEDURE_SORT 0: SLEEP_READ_PHASE 0: VAL_SIZE 4: WAL 0
abort_counts_:	511898
commit_counts_:	343852856
maxrss:	488284 kB
abort_rate:	0.0015
latency[ns]:	5211.5315
throughput[tps]:	42981607
numactl --interleave=0,1,2,3,4,5,6,7 ../../../ccbench/silo/test_0log/silo.exe -extime 8 -clocks_per_us 2095 -rratio 0 -thread_num 224
#FLAGS_clocks_per_us:	2095
#FLAGS_epoch_time:	40
#FLAGS_extime:		8
#FLAGS_max_ope:		10
#FLAGS_rmw:		0
#FLAGS_rratio:		0
#FLAGS_thread_num:	224
#FLAGS_tuple_num:	1000000
#FLAGS_ycsb:		1
#FLAGS_zipf_skew:	0
#ShowOptParameters(): ADD_ANALYSIS 0: BACK_OFF 0: KEY_SIZE 8: MASSTREE_USE 1: NO_WAIT_LOCKING_IN_VALIDATION 1: PARTITION_TABLE 0: PROCEDURE_SORT 0: SLEEP_READ_PHASE 0: VAL_SIZE 4: WAL 0
abort_counts_:	609896
commit_counts_:	343961623
maxrss:	488280 kB
abort_rate:	0.0018
latency[ns]:	5209.8837
throughput[tps]:	42995202
