numactl --interleave=0,1 ../../../ccbench/silo/test_0log/silo.exe -extime 8 -clocks_per_us 2095 -rratio 50 -thread_num 2
#FLAGS_clocks_per_us:	2095
#FLAGS_epoch_time:	40
#FLAGS_extime:		8
#FLAGS_max_ope:		10
#FLAGS_rmw:		0
#FLAGS_rratio:		50
#FLAGS_thread_num:	2
#FLAGS_tuple_num:	1000000
#FLAGS_ycsb:		1
#FLAGS_zipf_skew:	0
#ShowOptParameters(): ADD_ANALYSIS 0: BACK_OFF 0: KEY_SIZE 8: MASSTREE_USE 1: NO_WAIT_LOCKING_IN_VALIDATION 1: PARTITION_TABLE 0: PROCEDURE_SORT 0: SLEEP_READ_PHASE 0: VAL_SIZE 4: WAL 0
abort_counts_:	51
commit_counts_:	4370512
maxrss:	481380 kB
abort_rate:	0.0000
latency[ns]:	3660.8983
throughput[tps]:	546314
numactl --interleave=0,1 ../../../ccbench/silo/test_0log/silo.exe -extime 8 -clocks_per_us 2095 -rratio 50 -thread_num 2
#FLAGS_clocks_per_us:	2095
#FLAGS_epoch_time:	40
#FLAGS_extime:		8
#FLAGS_max_ope:		10
#FLAGS_rmw:		0
#FLAGS_rratio:		50
#FLAGS_thread_num:	2
#FLAGS_tuple_num:	1000000
#FLAGS_ycsb:		1
#FLAGS_zipf_skew:	0
#ShowOptParameters(): ADD_ANALYSIS 0: BACK_OFF 0: KEY_SIZE 8: MASSTREE_USE 1: NO_WAIT_LOCKING_IN_VALIDATION 1: PARTITION_TABLE 0: PROCEDURE_SORT 0: SLEEP_READ_PHASE 0: VAL_SIZE 4: WAL 0
abort_counts_:	44
commit_counts_:	3894680
maxrss:	481448 kB
abort_rate:	0.0000
latency[ns]:	4108.1681
throughput[tps]:	486835
numactl --interleave=0,1 ../../../ccbench/silo/test_0log/silo.exe -extime 8 -clocks_per_us 2095 -rratio 50 -thread_num 2
#FLAGS_clocks_per_us:	2095
#FLAGS_epoch_time:	40
#FLAGS_extime:		8
#FLAGS_max_ope:		10
#FLAGS_rmw:		0
#FLAGS_rratio:		50
#FLAGS_thread_num:	2
#FLAGS_tuple_num:	1000000
#FLAGS_ycsb:		1
#FLAGS_zipf_skew:	0
#ShowOptParameters(): ADD_ANALYSIS 0: BACK_OFF 0: KEY_SIZE 8: MASSTREE_USE 1: NO_WAIT_LOCKING_IN_VALIDATION 1: PARTITION_TABLE 0: PROCEDURE_SORT 0: SLEEP_READ_PHASE 0: VAL_SIZE 4: WAL 0
abort_counts_:	39
commit_counts_:	4303823
maxrss:	481352 kB
abort_rate:	0.0000
latency[ns]:	3717.6311
throughput[tps]:	537977
numactl --interleave=0,1 ../../../ccbench/silo/test_0log/silo.exe -extime 8 -clocks_per_us 2095 -rratio 50 -thread_num 2
#FLAGS_clocks_per_us:	2095
#FLAGS_epoch_time:	40
#FLAGS_extime:		8
#FLAGS_max_ope:		10
#FLAGS_rmw:		0
#FLAGS_rratio:		50
#FLAGS_thread_num:	2
#FLAGS_tuple_num:	1000000
#FLAGS_ycsb:		1
#FLAGS_zipf_skew:	0
#ShowOptParameters(): ADD_ANALYSIS 0: BACK_OFF 0: KEY_SIZE 8: MASSTREE_USE 1: NO_WAIT_LOCKING_IN_VALIDATION 1: PARTITION_TABLE 0: PROCEDURE_SORT 0: SLEEP_READ_PHASE 0: VAL_SIZE 4: WAL 0
abort_counts_:	35
commit_counts_:	3847133
maxrss:	481560 kB
abort_rate:	0.0000
latency[ns]:	4158.9466
throughput[tps]:	480891
numactl --interleave=0,1 ../../../ccbench/silo/test_0log/silo.exe -extime 8 -clocks_per_us 2095 -rratio 50 -thread_num 2
#FLAGS_clocks_per_us:	2095
#FLAGS_epoch_time:	40
#FLAGS_extime:		8
#FLAGS_max_ope:		10
#FLAGS_rmw:		0
#FLAGS_rratio:		50
#FLAGS_thread_num:	2
#FLAGS_tuple_num:	1000000
#FLAGS_ycsb:		1
#FLAGS_zipf_skew:	0
#ShowOptParameters(): ADD_ANALYSIS 0: BACK_OFF 0: KEY_SIZE 8: MASSTREE_USE 1: NO_WAIT_LOCKING_IN_VALIDATION 1: PARTITION_TABLE 0: PROCEDURE_SORT 0: SLEEP_READ_PHASE 0: VAL_SIZE 4: WAL 0
abort_counts_:	43
commit_counts_:	4384185
maxrss:	481260 kB
abort_rate:	0.0000
latency[ns]:	3649.4819
throughput[tps]:	548023
numactl --interleave=0,1 ../../../ccbench/silo/test_0log/silo.exe -extime 8 -clocks_per_us 2095 -rratio 50 -thread_num 4
#FLAGS_clocks_per_us:	2095
#FLAGS_epoch_time:	40
#FLAGS_extime:		8
#FLAGS_max_ope:		10
#FLAGS_rmw:		0
#FLAGS_rratio:		50
#FLAGS_thread_num:	4
#FLAGS_tuple_num:	1000000
#FLAGS_ycsb:		1
#FLAGS_zipf_skew:	0
#ShowOptParameters(): ADD_ANALYSIS 0: BACK_OFF 0: KEY_SIZE 8: MASSTREE_USE 1: NO_WAIT_LOCKING_IN_VALIDATION 1: PARTITION_TABLE 0: PROCEDURE_SORT 0: SLEEP_READ_PHASE 0: VAL_SIZE 4: WAL 0
abort_counts_:	323
commit_counts_:	8371237
maxrss:	481380 kB
abort_rate:	0.0000
latency[ns]:	3822.6154
throughput[tps]:	1046404
numactl --interleave=0,1 ../../../ccbench/silo/test_0log/silo.exe -extime 8 -clocks_per_us 2095 -rratio 50 -thread_num 4
#FLAGS_clocks_per_us:	2095
#FLAGS_epoch_time:	40
#FLAGS_extime:		8
#FLAGS_max_ope:		10
#FLAGS_rmw:		0
#FLAGS_rratio:		50
#FLAGS_thread_num:	4
#FLAGS_tuple_num:	1000000
#FLAGS_ycsb:		1
#FLAGS_zipf_skew:	0
#ShowOptParameters(): ADD_ANALYSIS 0: BACK_OFF 0: KEY_SIZE 8: MASSTREE_USE 1: NO_WAIT_LOCKING_IN_VALIDATION 1: PARTITION_TABLE 0: PROCEDURE_SORT 0: SLEEP_READ_PHASE 0: VAL_SIZE 4: WAL 0
abort_counts_:	307
commit_counts_:	8512279
maxrss:	481440 kB
abort_rate:	0.0000
latency[ns]:	3759.2784
throughput[tps]:	1064034
numactl --interleave=0,1 ../../../ccbench/silo/test_0log/silo.exe -extime 8 -clocks_per_us 2095 -rratio 50 -thread_num 4
#FLAGS_clocks_per_us:	2095
#FLAGS_epoch_time:	40
#FLAGS_extime:		8
#FLAGS_max_ope:		10
#FLAGS_rmw:		0
#FLAGS_rratio:		50
#FLAGS_thread_num:	4
#FLAGS_tuple_num:	1000000
#FLAGS_ycsb:		1
#FLAGS_zipf_skew:	0
#ShowOptParameters(): ADD_ANALYSIS 0: BACK_OFF 0: KEY_SIZE 8: MASSTREE_USE 1: NO_WAIT_LOCKING_IN_VALIDATION 1: PARTITION_TABLE 0: PROCEDURE_SORT 0: SLEEP_READ_PHASE 0: VAL_SIZE 4: WAL 0
abort_counts_:	303
commit_counts_:	8414635
maxrss:	481396 kB
abort_rate:	0.0000
latency[ns]:	3802.8995
throughput[tps]:	1051829
numactl --interleave=0,1 ../../../ccbench/silo/test_0log/silo.exe -extime 8 -clocks_per_us 2095 -rratio 50 -thread_num 4
#FLAGS_clocks_per_us:	2095
#FLAGS_epoch_time:	40
#FLAGS_extime:		8
#FLAGS_max_ope:		10
#FLAGS_rmw:		0
#FLAGS_rratio:		50
#FLAGS_thread_num:	4
#FLAGS_tuple_num:	1000000
#FLAGS_ycsb:		1
#FLAGS_zipf_skew:	0
#ShowOptParameters(): ADD_ANALYSIS 0: BACK_OFF 0: KEY_SIZE 8: MASSTREE_USE 1: NO_WAIT_LOCKING_IN_VALIDATION 1: PARTITION_TABLE 0: PROCEDURE_SORT 0: SLEEP_READ_PHASE 0: VAL_SIZE 4: WAL 0
abort_counts_:	297
commit_counts_:	7979134
maxrss:	481508 kB
abort_rate:	0.0000
latency[ns]:	4010.4633
throughput[tps]:	997391
numactl --interleave=0,1 ../../../ccbench/silo/test_0log/silo.exe -extime 8 -clocks_per_us 2095 -rratio 50 -thread_num 4
#FLAGS_clocks_per_us:	2095
#FLAGS_epoch_time:	40
#FLAGS_extime:		8
#FLAGS_max_ope:		10
#FLAGS_rmw:		0
#FLAGS_rratio:		50
#FLAGS_thread_num:	4
#FLAGS_tuple_num:	1000000
#FLAGS_ycsb:		1
#FLAGS_zipf_skew:	0
#ShowOptParameters(): ADD_ANALYSIS 0: BACK_OFF 0: KEY_SIZE 8: MASSTREE_USE 1: NO_WAIT_LOCKING_IN_VALIDATION 1: PARTITION_TABLE 0: PROCEDURE_SORT 0: SLEEP_READ_PHASE 0: VAL_SIZE 4: WAL 0
abort_counts_:	287
commit_counts_:	8392599
maxrss:	481404 kB
abort_rate:	0.0000
latency[ns]:	3812.8864
throughput[tps]:	1049074
numactl --interleave=0,1 ../../../ccbench/silo/test_0log/silo.exe -extime 8 -clocks_per_us 2095 -rratio 50 -thread_num 8
#FLAGS_clocks_per_us:	2095
#FLAGS_epoch_time:	40
#FLAGS_extime:		8
#FLAGS_max_ope:		10
#FLAGS_rmw:		0
#FLAGS_rratio:		50
#FLAGS_thread_num:	8
#FLAGS_tuple_num:	1000000
#FLAGS_ycsb:		1
#FLAGS_zipf_skew:	0
#ShowOptParameters(): ADD_ANALYSIS 0: BACK_OFF 0: KEY_SIZE 8: MASSTREE_USE 1: NO_WAIT_LOCKING_IN_VALIDATION 1: PARTITION_TABLE 0: PROCEDURE_SORT 0: SLEEP_READ_PHASE 0: VAL_SIZE 4: WAL 0
abort_counts_:	1379
commit_counts_:	16588469
maxrss:	481492 kB
abort_rate:	0.0001
latency[ns]:	3858.1028
throughput[tps]:	2073558
numactl --interleave=0,1 ../../../ccbench/silo/test_0log/silo.exe -extime 8 -clocks_per_us 2095 -rratio 50 -thread_num 8
#FLAGS_clocks_per_us:	2095
#FLAGS_epoch_time:	40
#FLAGS_extime:		8
#FLAGS_max_ope:		10
#FLAGS_rmw:		0
#FLAGS_rratio:		50
#FLAGS_thread_num:	8
#FLAGS_tuple_num:	1000000
#FLAGS_ycsb:		1
#FLAGS_zipf_skew:	0
#ShowOptParameters(): ADD_ANALYSIS 0: BACK_OFF 0: KEY_SIZE 8: MASSTREE_USE 1: NO_WAIT_LOCKING_IN_VALIDATION 1: PARTITION_TABLE 0: PROCEDURE_SORT 0: SLEEP_READ_PHASE 0: VAL_SIZE 4: WAL 0
abort_counts_:	1442
commit_counts_:	16541272
maxrss:	481428 kB
abort_rate:	0.0001
latency[ns]:	3869.1099
throughput[tps]:	2067659
numactl --interleave=0,1 ../../../ccbench/silo/test_0log/silo.exe -extime 8 -clocks_per_us 2095 -rratio 50 -thread_num 8
#FLAGS_clocks_per_us:	2095
#FLAGS_epoch_time:	40
#FLAGS_extime:		8
#FLAGS_max_ope:		10
#FLAGS_rmw:		0
#FLAGS_rratio:		50
#FLAGS_thread_num:	8
#FLAGS_tuple_num:	1000000
#FLAGS_ycsb:		1
#FLAGS_zipf_skew:	0
#ShowOptParameters(): ADD_ANALYSIS 0: BACK_OFF 0: KEY_SIZE 8: MASSTREE_USE 1: NO_WAIT_LOCKING_IN_VALIDATION 1: PARTITION_TABLE 0: PROCEDURE_SORT 0: SLEEP_READ_PHASE 0: VAL_SIZE 4: WAL 0
abort_counts_:	1480
commit_counts_:	16535339
maxrss:	481508 kB
abort_rate:	0.0001
latency[ns]:	3870.4989
throughput[tps]:	2066917
numactl --interleave=0,1 ../../../ccbench/silo/test_0log/silo.exe -extime 8 -clocks_per_us 2095 -rratio 50 -thread_num 8
#FLAGS_clocks_per_us:	2095
#FLAGS_epoch_time:	40
#FLAGS_extime:		8
#FLAGS_max_ope:		10
#FLAGS_rmw:		0
#FLAGS_rratio:		50
#FLAGS_thread_num:	8
#FLAGS_tuple_num:	1000000
#FLAGS_ycsb:		1
#FLAGS_zipf_skew:	0
#ShowOptParameters(): ADD_ANALYSIS 0: BACK_OFF 0: KEY_SIZE 8: MASSTREE_USE 1: NO_WAIT_LOCKING_IN_VALIDATION 1: PARTITION_TABLE 0: PROCEDURE_SORT 0: SLEEP_READ_PHASE 0: VAL_SIZE 4: WAL 0
abort_counts_:	1482
commit_counts_:	16736620
maxrss:	481560 kB
abort_rate:	0.0001
latency[ns]:	3823.9510
throughput[tps]:	2092077
numactl --interleave=0,1 ../../../ccbench/silo/test_0log/silo.exe -extime 8 -clocks_per_us 2095 -rratio 50 -thread_num 8
#FLAGS_clocks_per_us:	2095
#FLAGS_epoch_time:	40
#FLAGS_extime:		8
#FLAGS_max_ope:		10
#FLAGS_rmw:		0
#FLAGS_rratio:		50
#FLAGS_thread_num:	8
#FLAGS_tuple_num:	1000000
#FLAGS_ycsb:		1
#FLAGS_zipf_skew:	0
#ShowOptParameters(): ADD_ANALYSIS 0: BACK_OFF 0: KEY_SIZE 8: MASSTREE_USE 1: NO_WAIT_LOCKING_IN_VALIDATION 1: PARTITION_TABLE 0: PROCEDURE_SORT 0: SLEEP_READ_PHASE 0: VAL_SIZE 4: WAL 0
abort_counts_:	1421
commit_counts_:	16617606
maxrss:	481504 kB
abort_rate:	0.0001
latency[ns]:	3851.3383
throughput[tps]:	2077200
numactl --interleave=0,1 ../../../ccbench/silo/test_0log/silo.exe -extime 8 -clocks_per_us 2095 -rratio 50 -thread_num 16
#FLAGS_clocks_per_us:	2095
#FLAGS_epoch_time:	40
#FLAGS_extime:		8
#FLAGS_max_ope:		10
#FLAGS_rmw:		0
#FLAGS_rratio:		50
#FLAGS_thread_num:	16
#FLAGS_tuple_num:	1000000
#FLAGS_ycsb:		1
#FLAGS_zipf_skew:	0
#ShowOptParameters(): ADD_ANALYSIS 0: BACK_OFF 0: KEY_SIZE 8: MASSTREE_USE 1: NO_WAIT_LOCKING_IN_VALIDATION 1: PARTITION_TABLE 0: PROCEDURE_SORT 0: SLEEP_READ_PHASE 0: VAL_SIZE 4: WAL 0
abort_counts_:	5889
commit_counts_:	32074714
maxrss:	481780 kB
abort_rate:	0.0002
latency[ns]:	3990.6828
throughput[tps]:	4009339
numactl --interleave=0,1 ../../../ccbench/silo/test_0log/silo.exe -extime 8 -clocks_per_us 2095 -rratio 50 -thread_num 16
#FLAGS_clocks_per_us:	2095
#FLAGS_epoch_time:	40
#FLAGS_extime:		8
#FLAGS_max_ope:		10
#FLAGS_rmw:		0
#FLAGS_rratio:		50
#FLAGS_thread_num:	16
#FLAGS_tuple_num:	1000000
#FLAGS_ycsb:		1
#FLAGS_zipf_skew:	0
#ShowOptParameters(): ADD_ANALYSIS 0: BACK_OFF 0: KEY_SIZE 8: MASSTREE_USE 1: NO_WAIT_LOCKING_IN_VALIDATION 1: PARTITION_TABLE 0: PROCEDURE_SORT 0: SLEEP_READ_PHASE 0: VAL_SIZE 4: WAL 0
abort_counts_:	5841
commit_counts_:	32194302
maxrss:	481700 kB
abort_rate:	0.0002
latency[ns]:	3975.8596
throughput[tps]:	4024287
numactl --interleave=0,1 ../../../ccbench/silo/test_0log/silo.exe -extime 8 -clocks_per_us 2095 -rratio 50 -thread_num 16
#FLAGS_clocks_per_us:	2095
#FLAGS_epoch_time:	40
#FLAGS_extime:		8
#FLAGS_max_ope:		10
#FLAGS_rmw:		0
#FLAGS_rratio:		50
#FLAGS_thread_num:	16
#FLAGS_tuple_num:	1000000
#FLAGS_ycsb:		1
#FLAGS_zipf_skew:	0
#ShowOptParameters(): ADD_ANALYSIS 0: BACK_OFF 0: KEY_SIZE 8: MASSTREE_USE 1: NO_WAIT_LOCKING_IN_VALIDATION 1: PARTITION_TABLE 0: PROCEDURE_SORT 0: SLEEP_READ_PHASE 0: VAL_SIZE 4: WAL 0
abort_counts_:	5854
commit_counts_:	32294621
maxrss:	481756 kB
abort_rate:	0.0002
latency[ns]:	3963.5090
throughput[tps]:	4036827
numactl --interleave=0,1 ../../../ccbench/silo/test_0log/silo.exe -extime 8 -clocks_per_us 2095 -rratio 50 -thread_num 16
#FLAGS_clocks_per_us:	2095
#FLAGS_epoch_time:	40
#FLAGS_extime:		8
#FLAGS_max_ope:		10
#FLAGS_rmw:		0
#FLAGS_rratio:		50
#FLAGS_thread_num:	16
#FLAGS_tuple_num:	1000000
#FLAGS_ycsb:		1
#FLAGS_zipf_skew:	0
#ShowOptParameters(): ADD_ANALYSIS 0: BACK_OFF 0: KEY_SIZE 8: MASSTREE_USE 1: NO_WAIT_LOCKING_IN_VALIDATION 1: PARTITION_TABLE 0: PROCEDURE_SORT 0: SLEEP_READ_PHASE 0: VAL_SIZE 4: WAL 0
abort_counts_:	6002
commit_counts_:	32165276
maxrss:	481684 kB
abort_rate:	0.0002
latency[ns]:	3979.4472
throughput[tps]:	4020659
numactl --interleave=0,1 ../../../ccbench/silo/test_0log/silo.exe -extime 8 -clocks_per_us 2095 -rratio 50 -thread_num 16
#FLAGS_clocks_per_us:	2095
#FLAGS_epoch_time:	40
#FLAGS_extime:		8
#FLAGS_max_ope:		10
#FLAGS_rmw:		0
#FLAGS_rratio:		50
#FLAGS_thread_num:	16
#FLAGS_tuple_num:	1000000
#FLAGS_ycsb:		1
#FLAGS_zipf_skew:	0
#ShowOptParameters(): ADD_ANALYSIS 0: BACK_OFF 0: KEY_SIZE 8: MASSTREE_USE 1: NO_WAIT_LOCKING_IN_VALIDATION 1: PARTITION_TABLE 0: PROCEDURE_SORT 0: SLEEP_READ_PHASE 0: VAL_SIZE 4: WAL 0
abort_counts_:	5822
commit_counts_:	32146488
maxrss:	481688 kB
abort_rate:	0.0002
latency[ns]:	3981.7724
throughput[tps]:	4018311
numactl --interleave=0,1 ../../../ccbench/silo/test_0log/silo.exe -extime 8 -clocks_per_us 2095 -rratio 50 -thread_num 24
#FLAGS_clocks_per_us:	2095
#FLAGS_epoch_time:	40
#FLAGS_extime:		8
#FLAGS_max_ope:		10
#FLAGS_rmw:		0
#FLAGS_rratio:		50
#FLAGS_thread_num:	24
#FLAGS_tuple_num:	1000000
#FLAGS_ycsb:		1
#FLAGS_zipf_skew:	0
#ShowOptParameters(): ADD_ANALYSIS 0: BACK_OFF 0: KEY_SIZE 8: MASSTREE_USE 1: NO_WAIT_LOCKING_IN_VALIDATION 1: PARTITION_TABLE 0: PROCEDURE_SORT 0: SLEEP_READ_PHASE 0: VAL_SIZE 4: WAL 0
abort_counts_:	13303
commit_counts_:	47774698
maxrss:	481856 kB
abort_rate:	0.0003
latency[ns]:	4018.8639
throughput[tps]:	5971837
numactl --interleave=0,1 ../../../ccbench/silo/test_0log/silo.exe -extime 8 -clocks_per_us 2095 -rratio 50 -thread_num 24
#FLAGS_clocks_per_us:	2095
#FLAGS_epoch_time:	40
#FLAGS_extime:		8
#FLAGS_max_ope:		10
#FLAGS_rmw:		0
#FLAGS_rratio:		50
#FLAGS_thread_num:	24
#FLAGS_tuple_num:	1000000
#FLAGS_ycsb:		1
#FLAGS_zipf_skew:	0
#ShowOptParameters(): ADD_ANALYSIS 0: BACK_OFF 0: KEY_SIZE 8: MASSTREE_USE 1: NO_WAIT_LOCKING_IN_VALIDATION 1: PARTITION_TABLE 0: PROCEDURE_SORT 0: SLEEP_READ_PHASE 0: VAL_SIZE 4: WAL 0
abort_counts_:	13303
commit_counts_:	47773516
maxrss:	481972 kB
abort_rate:	0.0003
latency[ns]:	4018.9635
throughput[tps]:	5971689
numactl --interleave=0,1 ../../../ccbench/silo/test_0log/silo.exe -extime 8 -clocks_per_us 2095 -rratio 50 -thread_num 24
#FLAGS_clocks_per_us:	2095
#FLAGS_epoch_time:	40
#FLAGS_extime:		8
#FLAGS_max_ope:		10
#FLAGS_rmw:		0
#FLAGS_rratio:		50
#FLAGS_thread_num:	24
#FLAGS_tuple_num:	1000000
#FLAGS_ycsb:		1
#FLAGS_zipf_skew:	0
#ShowOptParameters(): ADD_ANALYSIS 0: BACK_OFF 0: KEY_SIZE 8: MASSTREE_USE 1: NO_WAIT_LOCKING_IN_VALIDATION 1: PARTITION_TABLE 0: PROCEDURE_SORT 0: SLEEP_READ_PHASE 0: VAL_SIZE 4: WAL 0
abort_counts_:	13438
commit_counts_:	47710547
maxrss:	481900 kB
abort_rate:	0.0003
latency[ns]:	4024.2677
throughput[tps]:	5963818
numactl --interleave=0,1 ../../../ccbench/silo/test_0log/silo.exe -extime 8 -clocks_per_us 2095 -rratio 50 -thread_num 24
#FLAGS_clocks_per_us:	2095
#FLAGS_epoch_time:	40
#FLAGS_extime:		8
#FLAGS_max_ope:		10
#FLAGS_rmw:		0
#FLAGS_rratio:		50
#FLAGS_thread_num:	24
#FLAGS_tuple_num:	1000000
#FLAGS_ycsb:		1
#FLAGS_zipf_skew:	0
#ShowOptParameters(): ADD_ANALYSIS 0: BACK_OFF 0: KEY_SIZE 8: MASSTREE_USE 1: NO_WAIT_LOCKING_IN_VALIDATION 1: PARTITION_TABLE 0: PROCEDURE_SORT 0: SLEEP_READ_PHASE 0: VAL_SIZE 4: WAL 0
abort_counts_:	13478
commit_counts_:	48101621
maxrss:	481992 kB
abort_rate:	0.0003
latency[ns]:	3991.5499
throughput[tps]:	6012702
numactl --interleave=0,1 ../../../ccbench/silo/test_0log/silo.exe -extime 8 -clocks_per_us 2095 -rratio 50 -thread_num 24
#FLAGS_clocks_per_us:	2095
#FLAGS_epoch_time:	40
#FLAGS_extime:		8
#FLAGS_max_ope:		10
#FLAGS_rmw:		0
#FLAGS_rratio:		50
#FLAGS_thread_num:	24
#FLAGS_tuple_num:	1000000
#FLAGS_ycsb:		1
#FLAGS_zipf_skew:	0
#ShowOptParameters(): ADD_ANALYSIS 0: BACK_OFF 0: KEY_SIZE 8: MASSTREE_USE 1: NO_WAIT_LOCKING_IN_VALIDATION 1: PARTITION_TABLE 0: PROCEDURE_SORT 0: SLEEP_READ_PHASE 0: VAL_SIZE 4: WAL 0
abort_counts_:	13358
commit_counts_:	47705689
maxrss:	481924 kB
abort_rate:	0.0003
latency[ns]:	4024.6773
throughput[tps]:	5963211
numactl --interleave=0,1 ../../../ccbench/silo/test_0log/silo.exe -extime 8 -clocks_per_us 2095 -rratio 50 -thread_num 32
#FLAGS_clocks_per_us:	2095
#FLAGS_epoch_time:	40
#FLAGS_extime:		8
#FLAGS_max_ope:		10
#FLAGS_rmw:		0
#FLAGS_rratio:		50
#FLAGS_thread_num:	32
#FLAGS_tuple_num:	1000000
#FLAGS_ycsb:		1
#FLAGS_zipf_skew:	0
#ShowOptParameters(): ADD_ANALYSIS 0: BACK_OFF 0: KEY_SIZE 8: MASSTREE_USE 1: NO_WAIT_LOCKING_IN_VALIDATION 1: PARTITION_TABLE 0: PROCEDURE_SORT 0: SLEEP_READ_PHASE 0: VAL_SIZE 4: WAL 0
abort_counts_:	23812
commit_counts_:	63230331
maxrss:	482092 kB
abort_rate:	0.0004
latency[ns]:	4048.6901
throughput[tps]:	7903791
numactl --interleave=0,1 ../../../ccbench/silo/test_0log/silo.exe -extime 8 -clocks_per_us 2095 -rratio 50 -thread_num 32
#FLAGS_clocks_per_us:	2095
#FLAGS_epoch_time:	40
#FLAGS_extime:		8
#FLAGS_max_ope:		10
#FLAGS_rmw:		0
#FLAGS_rratio:		50
#FLAGS_thread_num:	32
#FLAGS_tuple_num:	1000000
#FLAGS_ycsb:		1
#FLAGS_zipf_skew:	0
#ShowOptParameters(): ADD_ANALYSIS 0: BACK_OFF 0: KEY_SIZE 8: MASSTREE_USE 1: NO_WAIT_LOCKING_IN_VALIDATION 1: PARTITION_TABLE 0: PROCEDURE_SORT 0: SLEEP_READ_PHASE 0: VAL_SIZE 4: WAL 0
abort_counts_:	23573
commit_counts_:	62718129
maxrss:	482132 kB
abort_rate:	0.0004
latency[ns]:	4081.7545
throughput[tps]:	7839766
numactl --interleave=0,1 ../../../ccbench/silo/test_0log/silo.exe -extime 8 -clocks_per_us 2095 -rratio 50 -thread_num 32
#FLAGS_clocks_per_us:	2095
#FLAGS_epoch_time:	40
#FLAGS_extime:		8
#FLAGS_max_ope:		10
#FLAGS_rmw:		0
#FLAGS_rratio:		50
#FLAGS_thread_num:	32
#FLAGS_tuple_num:	1000000
#FLAGS_ycsb:		1
#FLAGS_zipf_skew:	0
#ShowOptParameters(): ADD_ANALYSIS 0: BACK_OFF 0: KEY_SIZE 8: MASSTREE_USE 1: NO_WAIT_LOCKING_IN_VALIDATION 1: PARTITION_TABLE 0: PROCEDURE_SORT 0: SLEEP_READ_PHASE 0: VAL_SIZE 4: WAL 0
abort_counts_:	23672
commit_counts_:	62622198
maxrss:	482124 kB
abort_rate:	0.0004
latency[ns]:	4088.0077
throughput[tps]:	7827774
numactl --interleave=0,1 ../../../ccbench/silo/test_0log/silo.exe -extime 8 -clocks_per_us 2095 -rratio 50 -thread_num 32
#FLAGS_clocks_per_us:	2095
#FLAGS_epoch_time:	40
#FLAGS_extime:		8
#FLAGS_max_ope:		10
#FLAGS_rmw:		0
#FLAGS_rratio:		50
#FLAGS_thread_num:	32
#FLAGS_tuple_num:	1000000
#FLAGS_ycsb:		1
#FLAGS_zipf_skew:	0
#ShowOptParameters(): ADD_ANALYSIS 0: BACK_OFF 0: KEY_SIZE 8: MASSTREE_USE 1: NO_WAIT_LOCKING_IN_VALIDATION 1: PARTITION_TABLE 0: PROCEDURE_SORT 0: SLEEP_READ_PHASE 0: VAL_SIZE 4: WAL 0
abort_counts_:	23753
commit_counts_:	63235055
maxrss:	482144 kB
abort_rate:	0.0004
latency[ns]:	4048.3878
throughput[tps]:	7904381
numactl --interleave=0,1 ../../../ccbench/silo/test_0log/silo.exe -extime 8 -clocks_per_us 2095 -rratio 50 -thread_num 32
#FLAGS_clocks_per_us:	2095
#FLAGS_epoch_time:	40
#FLAGS_extime:		8
#FLAGS_max_ope:		10
#FLAGS_rmw:		0
#FLAGS_rratio:		50
#FLAGS_thread_num:	32
#FLAGS_tuple_num:	1000000
#FLAGS_ycsb:		1
#FLAGS_zipf_skew:	0
#ShowOptParameters(): ADD_ANALYSIS 0: BACK_OFF 0: KEY_SIZE 8: MASSTREE_USE 1: NO_WAIT_LOCKING_IN_VALIDATION 1: PARTITION_TABLE 0: PROCEDURE_SORT 0: SLEEP_READ_PHASE 0: VAL_SIZE 4: WAL 0
abort_counts_:	23458
commit_counts_:	62676958
maxrss:	482188 kB
abort_rate:	0.0004
latency[ns]:	4084.4360
throughput[tps]:	7834619
numactl --interleave=0,1 ../../../ccbench/silo/test_0log/silo.exe -extime 8 -clocks_per_us 2095 -rratio 50 -thread_num 40
#FLAGS_clocks_per_us:	2095
#FLAGS_epoch_time:	40
#FLAGS_extime:		8
#FLAGS_max_ope:		10
#FLAGS_rmw:		0
#FLAGS_rratio:		50
#FLAGS_thread_num:	40
#FLAGS_tuple_num:	1000000
#FLAGS_ycsb:		1
#FLAGS_zipf_skew:	0
#ShowOptParameters(): ADD_ANALYSIS 0: BACK_OFF 0: KEY_SIZE 8: MASSTREE_USE 1: NO_WAIT_LOCKING_IN_VALIDATION 1: PARTITION_TABLE 0: PROCEDURE_SORT 0: SLEEP_READ_PHASE 0: VAL_SIZE 4: WAL 0
abort_counts_:	36721
commit_counts_:	77284086
maxrss:	482412 kB
abort_rate:	0.0005
latency[ns]:	4140.5681
throughput[tps]:	9660510
numactl --interleave=0,1 ../../../ccbench/silo/test_0log/silo.exe -extime 8 -clocks_per_us 2095 -rratio 50 -thread_num 40
#FLAGS_clocks_per_us:	2095
#FLAGS_epoch_time:	40
#FLAGS_extime:		8
#FLAGS_max_ope:		10
#FLAGS_rmw:		0
#FLAGS_rratio:		50
#FLAGS_thread_num:	40
#FLAGS_tuple_num:	1000000
#FLAGS_ycsb:		1
#FLAGS_zipf_skew:	0
#ShowOptParameters(): ADD_ANALYSIS 0: BACK_OFF 0: KEY_SIZE 8: MASSTREE_USE 1: NO_WAIT_LOCKING_IN_VALIDATION 1: PARTITION_TABLE 0: PROCEDURE_SORT 0: SLEEP_READ_PHASE 0: VAL_SIZE 4: WAL 0
abort_counts_:	36153
commit_counts_:	77440719
maxrss:	482424 kB
abort_rate:	0.0005
latency[ns]:	4132.1934
throughput[tps]:	9680089
numactl --interleave=0,1 ../../../ccbench/silo/test_0log/silo.exe -extime 8 -clocks_per_us 2095 -rratio 50 -thread_num 40
#FLAGS_clocks_per_us:	2095
#FLAGS_epoch_time:	40
#FLAGS_extime:		8
#FLAGS_max_ope:		10
#FLAGS_rmw:		0
#FLAGS_rratio:		50
#FLAGS_thread_num:	40
#FLAGS_tuple_num:	1000000
#FLAGS_ycsb:		1
#FLAGS_zipf_skew:	0
#ShowOptParameters(): ADD_ANALYSIS 0: BACK_OFF 0: KEY_SIZE 8: MASSTREE_USE 1: NO_WAIT_LOCKING_IN_VALIDATION 1: PARTITION_TABLE 0: PROCEDURE_SORT 0: SLEEP_READ_PHASE 0: VAL_SIZE 4: WAL 0
abort_counts_:	36512
commit_counts_:	77500242
maxrss:	482332 kB
abort_rate:	0.0005
latency[ns]:	4129.0195
throughput[tps]:	9687530
numactl --interleave=0,1 ../../../ccbench/silo/test_0log/silo.exe -extime 8 -clocks_per_us 2095 -rratio 50 -thread_num 40
#FLAGS_clocks_per_us:	2095
#FLAGS_epoch_time:	40
#FLAGS_extime:		8
#FLAGS_max_ope:		10
#FLAGS_rmw:		0
#FLAGS_rratio:		50
#FLAGS_thread_num:	40
#FLAGS_tuple_num:	1000000
#FLAGS_ycsb:		1
#FLAGS_zipf_skew:	0
#ShowOptParameters(): ADD_ANALYSIS 0: BACK_OFF 0: KEY_SIZE 8: MASSTREE_USE 1: NO_WAIT_LOCKING_IN_VALIDATION 1: PARTITION_TABLE 0: PROCEDURE_SORT 0: SLEEP_READ_PHASE 0: VAL_SIZE 4: WAL 0
abort_counts_:	36579
commit_counts_:	77299719
maxrss:	482452 kB
abort_rate:	0.0005
latency[ns]:	4139.7308
throughput[tps]:	9662464
numactl --interleave=0,1 ../../../ccbench/silo/test_0log/silo.exe -extime 8 -clocks_per_us 2095 -rratio 50 -thread_num 40
#FLAGS_clocks_per_us:	2095
#FLAGS_epoch_time:	40
#FLAGS_extime:		8
#FLAGS_max_ope:		10
#FLAGS_rmw:		0
#FLAGS_rratio:		50
#FLAGS_thread_num:	40
#FLAGS_tuple_num:	1000000
#FLAGS_ycsb:		1
#FLAGS_zipf_skew:	0
#ShowOptParameters(): ADD_ANALYSIS 0: BACK_OFF 0: KEY_SIZE 8: MASSTREE_USE 1: NO_WAIT_LOCKING_IN_VALIDATION 1: PARTITION_TABLE 0: PROCEDURE_SORT 0: SLEEP_READ_PHASE 0: VAL_SIZE 4: WAL 0
abort_counts_:	36518
commit_counts_:	77687249
maxrss:	482416 kB
abort_rate:	0.0005
latency[ns]:	4119.0801
throughput[tps]:	9710906
numactl --interleave=0,1 ../../../ccbench/silo/test_0log/silo.exe -extime 8 -clocks_per_us 2095 -rratio 50 -thread_num 48
#FLAGS_clocks_per_us:	2095
#FLAGS_epoch_time:	40
#FLAGS_extime:		8
#FLAGS_max_ope:		10
#FLAGS_rmw:		0
#FLAGS_rratio:		50
#FLAGS_thread_num:	48
#FLAGS_tuple_num:	1000000
#FLAGS_ycsb:		1
#FLAGS_zipf_skew:	0
#ShowOptParameters(): ADD_ANALYSIS 0: BACK_OFF 0: KEY_SIZE 8: MASSTREE_USE 1: NO_WAIT_LOCKING_IN_VALIDATION 1: PARTITION_TABLE 0: PROCEDURE_SORT 0: SLEEP_READ_PHASE 0: VAL_SIZE 4: WAL 0
abort_counts_:	53093
commit_counts_:	92152324
maxrss:	482604 kB
abort_rate:	0.0006
latency[ns]:	4167.0139
throughput[tps]:	11519040
numactl --interleave=0,1 ../../../ccbench/silo/test_0log/silo.exe -extime 8 -clocks_per_us 2095 -rratio 50 -thread_num 48
#FLAGS_clocks_per_us:	2095
#FLAGS_epoch_time:	40
#FLAGS_extime:		8
#FLAGS_max_ope:		10
#FLAGS_rmw:		0
#FLAGS_rratio:		50
#FLAGS_thread_num:	48
#FLAGS_tuple_num:	1000000
#FLAGS_ycsb:		1
#FLAGS_zipf_skew:	0
#ShowOptParameters(): ADD_ANALYSIS 0: BACK_OFF 0: KEY_SIZE 8: MASSTREE_USE 1: NO_WAIT_LOCKING_IN_VALIDATION 1: PARTITION_TABLE 0: PROCEDURE_SORT 0: SLEEP_READ_PHASE 0: VAL_SIZE 4: WAL 0
abort_counts_:	53157
commit_counts_:	92561343
maxrss:	482640 kB
abort_rate:	0.0006
latency[ns]:	4148.6004
throughput[tps]:	11570167
numactl --interleave=0,1 ../../../ccbench/silo/test_0log/silo.exe -extime 8 -clocks_per_us 2095 -rratio 50 -thread_num 48
#FLAGS_clocks_per_us:	2095
#FLAGS_epoch_time:	40
#FLAGS_extime:		8
#FLAGS_max_ope:		10
#FLAGS_rmw:		0
#FLAGS_rratio:		50
#FLAGS_thread_num:	48
#FLAGS_tuple_num:	1000000
#FLAGS_ycsb:		1
#FLAGS_zipf_skew:	0
#ShowOptParameters(): ADD_ANALYSIS 0: BACK_OFF 0: KEY_SIZE 8: MASSTREE_USE 1: NO_WAIT_LOCKING_IN_VALIDATION 1: PARTITION_TABLE 0: PROCEDURE_SORT 0: SLEEP_READ_PHASE 0: VAL_SIZE 4: WAL 0
abort_counts_:	53022
commit_counts_:	92183579
maxrss:	482536 kB
abort_rate:	0.0006
latency[ns]:	4165.6010
throughput[tps]:	11522947
numactl --interleave=0,1 ../../../ccbench/silo/test_0log/silo.exe -extime 8 -clocks_per_us 2095 -rratio 50 -thread_num 48
#FLAGS_clocks_per_us:	2095
#FLAGS_epoch_time:	40
#FLAGS_extime:		8
#FLAGS_max_ope:		10
#FLAGS_rmw:		0
#FLAGS_rratio:		50
#FLAGS_thread_num:	48
#FLAGS_tuple_num:	1000000
#FLAGS_ycsb:		1
#FLAGS_zipf_skew:	0
#ShowOptParameters(): ADD_ANALYSIS 0: BACK_OFF 0: KEY_SIZE 8: MASSTREE_USE 1: NO_WAIT_LOCKING_IN_VALIDATION 1: PARTITION_TABLE 0: PROCEDURE_SORT 0: SLEEP_READ_PHASE 0: VAL_SIZE 4: WAL 0
abort_counts_:	53625
commit_counts_:	92227686
maxrss:	482532 kB
abort_rate:	0.0006
latency[ns]:	4163.6090
throughput[tps]:	11528460
numactl --interleave=0,1 ../../../ccbench/silo/test_0log/silo.exe -extime 8 -clocks_per_us 2095 -rratio 50 -thread_num 48
#FLAGS_clocks_per_us:	2095
#FLAGS_epoch_time:	40
#FLAGS_extime:		8
#FLAGS_max_ope:		10
#FLAGS_rmw:		0
#FLAGS_rratio:		50
#FLAGS_thread_num:	48
#FLAGS_tuple_num:	1000000
#FLAGS_ycsb:		1
#FLAGS_zipf_skew:	0
#ShowOptParameters(): ADD_ANALYSIS 0: BACK_OFF 0: KEY_SIZE 8: MASSTREE_USE 1: NO_WAIT_LOCKING_IN_VALIDATION 1: PARTITION_TABLE 0: PROCEDURE_SORT 0: SLEEP_READ_PHASE 0: VAL_SIZE 4: WAL 0
abort_counts_:	53049
commit_counts_:	91756174
maxrss:	482628 kB
abort_rate:	0.0006
latency[ns]:	4185.0048
throughput[tps]:	11469521
numactl --interleave=0,1 ../../../ccbench/silo/test_0log/silo.exe -extime 8 -clocks_per_us 2095 -rratio 50 -thread_num 56
#FLAGS_clocks_per_us:	2095
#FLAGS_epoch_time:	40
#FLAGS_extime:		8
#FLAGS_max_ope:		10
#FLAGS_rmw:		0
#FLAGS_rratio:		50
#FLAGS_thread_num:	56
#FLAGS_tuple_num:	1000000
#FLAGS_ycsb:		1
#FLAGS_zipf_skew:	0
#ShowOptParameters(): ADD_ANALYSIS 0: BACK_OFF 0: KEY_SIZE 8: MASSTREE_USE 1: NO_WAIT_LOCKING_IN_VALIDATION 1: PARTITION_TABLE 0: PROCEDURE_SORT 0: SLEEP_READ_PHASE 0: VAL_SIZE 4: WAL 0
abort_counts_:	72539
commit_counts_:	106135259
maxrss:	482904 kB
abort_rate:	0.0007
latency[ns]:	4221.0291
throughput[tps]:	13266907
numactl --interleave=0,1 ../../../ccbench/silo/test_0log/silo.exe -extime 8 -clocks_per_us 2095 -rratio 50 -thread_num 56
#FLAGS_clocks_per_us:	2095
#FLAGS_epoch_time:	40
#FLAGS_extime:		8
#FLAGS_max_ope:		10
#FLAGS_rmw:		0
#FLAGS_rratio:		50
#FLAGS_thread_num:	56
#FLAGS_tuple_num:	1000000
#FLAGS_ycsb:		1
#FLAGS_zipf_skew:	0
#ShowOptParameters(): ADD_ANALYSIS 0: BACK_OFF 0: KEY_SIZE 8: MASSTREE_USE 1: NO_WAIT_LOCKING_IN_VALIDATION 1: PARTITION_TABLE 0: PROCEDURE_SORT 0: SLEEP_READ_PHASE 0: VAL_SIZE 4: WAL 0
abort_counts_:	72004
commit_counts_:	105017848
maxrss:	482884 kB
abort_rate:	0.0007
latency[ns]:	4265.9415
throughput[tps]:	13127231
numactl --interleave=0,1 ../../../ccbench/silo/test_0log/silo.exe -extime 8 -clocks_per_us 2095 -rratio 50 -thread_num 56
#FLAGS_clocks_per_us:	2095
#FLAGS_epoch_time:	40
#FLAGS_extime:		8
#FLAGS_max_ope:		10
#FLAGS_rmw:		0
#FLAGS_rratio:		50
#FLAGS_thread_num:	56
#FLAGS_tuple_num:	1000000
#FLAGS_ycsb:		1
#FLAGS_zipf_skew:	0
#ShowOptParameters(): ADD_ANALYSIS 0: BACK_OFF 0: KEY_SIZE 8: MASSTREE_USE 1: NO_WAIT_LOCKING_IN_VALIDATION 1: PARTITION_TABLE 0: PROCEDURE_SORT 0: SLEEP_READ_PHASE 0: VAL_SIZE 4: WAL 0
abort_counts_:	71787
commit_counts_:	105443086
maxrss:	482816 kB
abort_rate:	0.0007
latency[ns]:	4248.7378
throughput[tps]:	13180385
numactl --interleave=0,1 ../../../ccbench/silo/test_0log/silo.exe -extime 8 -clocks_per_us 2095 -rratio 50 -thread_num 56
#FLAGS_clocks_per_us:	2095
#FLAGS_epoch_time:	40
#FLAGS_extime:		8
#FLAGS_max_ope:		10
#FLAGS_rmw:		0
#FLAGS_rratio:		50
#FLAGS_thread_num:	56
#FLAGS_tuple_num:	1000000
#FLAGS_ycsb:		1
#FLAGS_zipf_skew:	0
#ShowOptParameters(): ADD_ANALYSIS 0: BACK_OFF 0: KEY_SIZE 8: MASSTREE_USE 1: NO_WAIT_LOCKING_IN_VALIDATION 1: PARTITION_TABLE 0: PROCEDURE_SORT 0: SLEEP_READ_PHASE 0: VAL_SIZE 4: WAL 0
abort_counts_:	71977
commit_counts_:	105973285
maxrss:	482860 kB
abort_rate:	0.0007
latency[ns]:	4227.4807
throughput[tps]:	13246660
numactl --interleave=0,1 ../../../ccbench/silo/test_0log/silo.exe -extime 8 -clocks_per_us 2095 -rratio 50 -thread_num 56
#FLAGS_clocks_per_us:	2095
#FLAGS_epoch_time:	40
#FLAGS_extime:		8
#FLAGS_max_ope:		10
#FLAGS_rmw:		0
#FLAGS_rratio:		50
#FLAGS_thread_num:	56
#FLAGS_tuple_num:	1000000
#FLAGS_ycsb:		1
#FLAGS_zipf_skew:	0
#ShowOptParameters(): ADD_ANALYSIS 0: BACK_OFF 0: KEY_SIZE 8: MASSTREE_USE 1: NO_WAIT_LOCKING_IN_VALIDATION 1: PARTITION_TABLE 0: PROCEDURE_SORT 0: SLEEP_READ_PHASE 0: VAL_SIZE 4: WAL 0
abort_counts_:	71859
commit_counts_:	105462927
maxrss:	482956 kB
abort_rate:	0.0007
latency[ns]:	4247.9385
throughput[tps]:	13182865
